mx_main.c(118,6): warning :  function declaration isn't a prototype [-Wstrict-prototypes]
mx_main.c(118,6): warning :  void DrawScanLine()
mx_main.c(118,6): warning :       ^~~~~~~~~~~~
  Azure Sphere Utility version 19.2.4.2632
  Copyright (C) Microsoft Corporation. All rights reserved.
   
  Start time (UTC): Monday, 01 April 2019 05:42:03 
  verbose: Creating image package. 
  verbose: Azure Sphere application image package written. 
  verbose: Appending metadata. 
  verbose: Wrote metadata:
    Section: Identity
      Image Type:           Application
      Component ID:         c5aadee3-760e-4730-ae74-1f58ef38cc03
      Image ID:             560de2f7-432d-4a17-9d4a-98a621f368ce
    Section: Signature
      Signing Type:         ECDsa256
      Cert:                 a8d5cc6958f48710140d7a26160fc1cfc31f5df0
    Section: Debug
      Image Name:           azsphere
      Built On (UTC):       4/1/2019 5:42:03 AM
      Built On (Local):     3/31/2019 10:42:03 PM
    Section: Temporary Image
      Remove image at boot: False
      Under development:    True
    Section: ABI Depends
      Depends on:           ApplicationRuntime, version 1
   
  verbose: Packaging completed successfully. 
  verbose: Output file is at: C:\Repos\Bytewizer for IoT\firmware\azsphere\azsphere\bin\ARM\Release\Bytewizer.Matrix.imagepackage 
  Command completed successfully in 00:00:00.5909403. 
